<?xml version="1.0" encoding="UTF-8"?>
<!-- Generated by org.testng.reporters.JUnitXMLReporter -->
<testsuite ignored="0" hostname="Sciencefreek" failures="1" tests="9" name="chromeTest" time="682.775" errors="0" timestamp="2023-12-13T12:24:36 IST">
  <testcase classname="capstone.ecommerce.tests.LinkverifyTest" name="signupTest1" time="64.301"/>
  <testcase classname="capstone.ecommerce.tests.SignupTest" name="signupTest" time="45.021"/>
  <testcase classname="capstone.ecommerce.tests.LoginTest" name="signupTest1" time="43.023"/>
  <testcase classname="capstone.ecommerce.tests.HomeTest1" name="HomepageLinkTest1" time="101.261">
    <failure type="java.lang.AssertionError" message="expected [true] but found [false]">
      <![CDATA[java.lang.AssertionError: expected [true] but found [false]
at capstone.ecommerce.pages.HomePage1.mbbm(HomePage1.java:103)
at capstone.ecommerce.utils.ECwrapper.homepageLink1(ECwrapper.java:132)
at capstone.ecommerce.tests.HomeTest1.HomepageLinkTest1(HomeTest1.java:26)
at java.base/java.util.ArrayList.forEach(ArrayList.java:1511)
... Removed 31 stack frames]]>
    </failure>
  </testcase> <!-- HomepageLinkTest1 -->
  <testcase classname="capstone.ecommerce.tests.BottonlinksTest" name="BottLinkTest1" time="84.296"/>
  <testcase classname="capstone.ecommerce.tests.ShopByDeptTest" name="deptshop" time="90.328"/>
  <testcase classname="capstone.ecommerce.tests.SearchaddTest" name="seachandAdd" time="26.818"/>
  <testcase classname="capstone.ecommerce.tests.MenuBrandsTest" name="selectbyBrand" time="68.531"/>
  <testcase classname="capstone.ecommerce.tests.PaypalTest" name="selectbyBrand" time="159.121"/>
</testsuite> <!-- chromeTest -->
