<?xml version="1.0" encoding="UTF-8"?>
<!-- Generated by org.testng.reporters.JUnitXMLReporter -->
<testsuite ignored="0" hostname="Sciencefreek" failures="0" tests="9" name="EdgeTest" time="346.945" errors="0" timestamp="2023-12-05T19:46:09 IST">
  <testcase classname="capstone.ecommerce.tests.LinkverifyTest" name="signupTest1" time="15.078"/>
  <testcase classname="capstone.ecommerce.tests.SignupTest" name="signupTest" time="5.625"/>
  <testcase classname="capstone.ecommerce.tests.LoginTest" name="signupTest1" time="46.016"/>
  <testcase classname="capstone.ecommerce.tests.HomeTest1" name="HomepageLinkTest1" time="88.51"/>
  <testcase classname="capstone.ecommerce.tests.BottonlinksTest" name="BottLinkTest1" time="16.239"/>
  <testcase classname="capstone.ecommerce.tests.ShopByDeptTest" name="deptshop" time="32.273"/>
  <testcase classname="capstone.ecommerce.tests.SearchaddTest" name="seachandAdd" time="32.829"/>
  <testcase classname="capstone.ecommerce.tests.MenuBrandsTest" name="selectbyBrand" time="53.443"/>
  <testcase classname="capstone.ecommerce.tests.PaypalTest" name="selectbyBrand" time="56.897"/>
</testsuite> <!-- EdgeTest -->
