<?xml version="1.0" encoding="UTF-8"?>
<!-- Generated by org.testng.reporters.JUnitXMLReporter -->
<testsuite ignored="0" hostname="Sciencefreek" failures="0" tests="7" name="Test" time="342.466" errors="0" timestamp="2023-12-03T21:09:19 IST">
  <testcase classname="capstone.ecommerce.tests.SignupTest" name="signupTest" time="63.327"/>
  <testcase classname="capstone.ecommerce.tests.LoginTest" name="signupTest1" time="51.326"/>
  <testcase classname="capstone.ecommerce.tests.HomeTest1" name="HomepageLinkTest1" time="112.636"/>
  <testcase classname="capstone.ecommerce.tests.BottonlinksTest" name="BottLinkTest1" time="20.437"/>
  <testcase classname="capstone.ecommerce.tests.ShopByDeptTest" name="deptshop" time="37.821"/>
  <testcase classname="capstone.ecommerce.tests.SearchaddTest" name="seachandAdd" time="34.275"/>
  <testcase classname="capstone.ecommerce.tests.MenuBrandsTest" name="selectbyBrand" time="22.548"/>
</testsuite> <!-- Test -->
