<?xml version="1.0" encoding="UTF-8"?>
<!-- Generated by org.testng.reporters.JUnitXMLReporter -->
<testsuite ignored="0" hostname="Sciencefreek" failures="0" tests="8" name="Test" time="272.736" errors="0" timestamp="2023-12-04T10:51:04 IST">
  <testcase classname="capstone.ecommerce.tests.SignupTest" name="signupTest" time="4.929"/>
  <testcase classname="capstone.ecommerce.tests.LoginTest" name="signupTest1" time="36.264"/>
  <testcase classname="capstone.ecommerce.tests.HomeTest1" name="HomepageLinkTest1" time="72.73"/>
  <testcase classname="capstone.ecommerce.tests.BottonlinksTest" name="BottLinkTest1" time="13.557"/>
  <testcase classname="capstone.ecommerce.tests.ShopByDeptTest" name="deptshop" time="34.691"/>
  <testcase classname="capstone.ecommerce.tests.SearchaddTest" name="seachandAdd" time="28.927"/>
  <testcase classname="capstone.ecommerce.tests.MenuBrandsTest" name="selectbyBrand" time="42.194"/>
  <testcase classname="capstone.ecommerce.tests.PaypalTest" name="selectbyBrand" time="39.375"/>
</testsuite> <!-- Test -->
